<?xml version="1.0" encoding="UTF-8"?>
<!-- Generated by org.testng.reporters.JUnitReportReporter -->
<testsuite skipped="0" hostname="BDC6-DX-69S6NK2" name="com.test.apachepoi_1" tests="1" failures="0" timestamp="19 Sep 2019 10:00:10 GMT" time="21.317" errors="0">
  <testcase name="f" time="21.317" classname="com.test.apachepoi_1"/>
</testsuite> <!-- com.test.apachepoi_1 -->
