<?xml version="1.0" encoding="UTF-8"?>
<!-- Generated by org.testng.reporters.JUnitReportReporter -->
<testsuite skipped="0" hostname="BDC6-DX-69S6NK2" name="com.test.tabledemo" tests="1" failures="0" timestamp="19 Sep 2019 11:08:49 GMT" time="13.673" errors="0">
  <testcase name="f" time="13.673" classname="com.test.tabledemo"/>
</testsuite> <!-- com.test.tabledemo -->
